<?xml version="1.0" encoding="UTF-8"?>
<!-- Generated by org.testng.reporters.JUnitReportReporter -->
<testsuite skipped="0" hostname="DESKTOP-KFC89GU" name="E2E.CrossBrowser.BrowserTest" tests="1" failures="0" timestamp="2021-05-02T16:15:30 EDT" time="69.879" errors="0">
  <testcase name="setup" time="69.879" classname="E2E.CrossBrowser.BrowserTest"/>
  <system-out/>
</testsuite> <!-- E2E.CrossBrowser.BrowserTest -->
